#
# There is insufficient memory for the Java Runtime Environment to continue.
# Native memory allocation (mmap) failed to map 65536 bytes for Failed to commit area from 0x000001580f2d0000 to 0x000001580f2e0000 of length 65536.
# Possible reasons:
#   The system is out of physical RAM or swap space
#   The process is running with CompressedOops enabled, and the Java Heap may be blocking the growth of the native heap
# Possible solutions:
#   Reduce memory load on the system
#   Increase physical memory or swap space
#   Check if swap backing store is full
#   Decrease Java heap size (-Xmx/-Xms)
#   Decrease number of Java threads
#   Decrease Java thread stack sizes (-Xss)
#   Set larger code cache with -XX:ReservedCodeCacheSize=
# This output file may be truncated or incomplete.
#
#  Out of Memory Error (./src/hotspot/os/windows/os_windows.cpp:3303), pid=46588, tid=62440
#
# JRE version:  (11.0.8+10) (build )
# Java VM: OpenJDK 64-Bit Server VM (11.0.8+10-b944.6842174, mixed mode, sharing, tiered, compressed oops, g1 gc, windows-amd64)
# No core dump will be written. Minidumps are not enabled by default on client versions of Windows
#

---------------  S U M M A R Y ------------

Command Line: org.jetbrains.git4idea.http.GitAskPassApp Username for 'https://github.com': 

Host: Intel(R) Core(TM) i5-8250U CPU @ 1.60GHz, 8 cores, 15G,  Windows 10 , 64 bit Build 18362 (10.0.18362.1350)
Time: Mon Aug 30 04:20:01 2021  elapsed time: 0 seconds (0d 0h 0m 0s)

---------------  T H R E A D  ---------------

Current thread (0x0000015872c8f000):  JavaThread "Unknown thread" [_thread_in_vm, id=62440, stack(0x00000022c7800000,0x00000022c7900000)]

Stack: [0x00000022c7800000,0x00000022c7900000]
Native frames: (J=compiled Java code, j=interpreted, Vv=VM code, C=native code)
V  [jvm.dll+0x5de50a]
V  [jvm.dll+0x7122f5]
V  [jvm.dll+0x71384d]
V  [jvm.dll+0x713f03]
V  [jvm.dll+0x23e728]
V  [jvm.dll+0x5db9a4]
V  [jvm.dll+0x5d0ae5]
V  [jvm.dll+0x2fb20b]
V  [jvm.dll+0x2fb17a]
V  [jvm.dll+0x2fb052]
V  [jvm.dll+0x300025]
V  [jvm.dll+0x348767]
V  [jvm.dll+0x348e46]
V  [jvm.dll+0x348843]
V  [jvm.dll+0x2d5d68]
V  [jvm.dll+0x2d6f07]
V  [jvm.dll+0x6f11f7]
V  [jvm.dll+0x6f29ec]
V  [jvm.dll+0x355cb9]
V  [jvm.dll+0x6d4ade]
V  [jvm.dll+0x3bdfe3]
V  [jvm.dll+0x3c0201]
C  [jli.dll+0x5373]
C  [ucrtbase.dll+0x210b2]
C  [KERNEL32.DLL+0x17c24]
C  [ntdll.dll+0x6d721]


---------------  P R O C E S S  ---------------

Threads class SMR info:
_java_thread_list=0x0000015870b67460, length=0, elements={
}

Java Threads: ( => current thread )

Other Threads:
  0x0000015872ca7800 GCTaskThread "GC Thread#0" [stack: 0x00000022c7900000,0x00000022c7a00000] [id=29940]
  0x0000015872d05000 ConcurrentGCThread "G1 Main Marker" [stack: 0x00000022c7a00000,0x00000022c7b00000] [id=45032]
  0x0000015872d06800 ConcurrentGCThread "G1 Conc#0" [stack: 0x00000022c7b00000,0x00000022c7c00000] [id=57808]

[error occurred during error reporting (printing all threads), id 0xc0000005, EXCEPTION_ACCESS_VIOLATION (0xc0000005) at pc=0x00007ff807c56357]

VM state:not at safepoint (not fully initialized)

VM Mutex/Monitor currently owned by a thread:  ([mutex/lock_event])
[0x0000015872c8b290] Heap_lock - owner thread: 0x0000015872c8f000

Heap address: 0x0000000701c00000, size: 4068 MB, Compressed Oops mode: Non-zero based: 0x0000000701c00000
Narrow klass base: 0x0000000000000000, Narrow klass shift: 0

GC Heap History (0 events):
No events

Deoptimization events (0 events):
No events

Classes redefined (0 events):
No events

Internal exceptions (0 events):
No events

Events (1 events):
Event: 0.006 Loaded shared library D:\Program Files (x86)\new Android Studio\jre\bin\zip.dll


Dynamic libraries:
0x00007ff7ca490000 - 0x00007ff7ca49a000 	D:\Program Files (x86)\new Android Studio\jre\bin\java.exe
0x00007ff867d00000 - 0x00007ff867ef0000 	C:\WINDOWS\SYSTEM32\ntdll.dll
0x00007ff866710000 - 0x00007ff8667c2000 	C:\WINDOWS\System32\KERNEL32.DLL
0x00007ff8659a0000 - 0x00007ff865c45000 	C:\WINDOWS\System32\KERNELBASE.dll
0x00007ff865580000 - 0x00007ff86567a000 	C:\WINDOWS\System32\ucrtbase.dll
0x00007ff854bd0000 - 0x00007ff854be9000 	D:\Program Files (x86)\new Android Studio\jre\bin\jli.dll
0x00007ff8547c0000 - 0x00007ff8547d7000 	D:\Program Files (x86)\new Android Studio\jre\bin\VCRUNTIME140.dll
0x00007ff865db0000 - 0x00007ff865f44000 	C:\WINDOWS\System32\USER32.dll
0x00007ff865970000 - 0x00007ff865991000 	C:\WINDOWS\System32\win32u.dll
0x00007ff8671a0000 - 0x00007ff8671c6000 	C:\WINDOWS\System32\GDI32.dll
0x00007ff856580000 - 0x00007ff856804000 	C:\WINDOWS\WinSxS\amd64_microsoft.windows.common-controls_6595b64144ccf1df_6.0.18362.1440_none_9e7dbfb9e45e8e67\COMCTL32.dll
0x00007ff8657d0000 - 0x00007ff865968000 	C:\WINDOWS\System32\gdi32full.dll
0x00007ff867a70000 - 0x00007ff867b0e000 	C:\WINDOWS\System32\msvcrt.dll
0x00007ff8656e0000 - 0x00007ff86577e000 	C:\WINDOWS\System32\msvcp_win.dll
0x00007ff866160000 - 0x00007ff866496000 	C:\WINDOWS\System32\combase.dll
0x00007ff8671d0000 - 0x00007ff8672ef000 	C:\WINDOWS\System32\RPCRT4.dll
0x00007ff865c50000 - 0x00007ff865cd1000 	C:\WINDOWS\System32\bcryptPrimitives.dll
0x00007ff8669a0000 - 0x00007ff8669ce000 	C:\WINDOWS\System32\IMM32.DLL
0x00007ff837a40000 - 0x00007ff837add000 	D:\Program Files (x86)\new Android Studio\jre\bin\msvcp140.dll
0x00007ff807970000 - 0x00007ff80842c000 	D:\Program Files (x86)\new Android Studio\jre\bin\server\jvm.dll
0x00007ff8664b0000 - 0x00007ff866553000 	C:\WINDOWS\System32\ADVAPI32.dll
0x00007ff867350000 - 0x00007ff8673e7000 	C:\WINDOWS\System32\sechost.dll
0x00007ff8673f0000 - 0x00007ff8673f8000 	C:\WINDOWS\System32\PSAPI.DLL
0x00007ff855d80000 - 0x00007ff855d89000 	C:\WINDOWS\SYSTEM32\WSOCK32.dll
0x00007ff861470000 - 0x00007ff861494000 	C:\WINDOWS\SYSTEM32\WINMM.dll
0x00007ff85d4e0000 - 0x00007ff85d4ea000 	C:\WINDOWS\SYSTEM32\VERSION.dll
0x00007ff867a00000 - 0x00007ff867a6f000 	C:\WINDOWS\System32\WS2_32.dll
0x00007ff861440000 - 0x00007ff86146d000 	C:\WINDOWS\SYSTEM32\WINMMBASE.dll
0x00007ff865780000 - 0x00007ff8657ca000 	C:\WINDOWS\System32\cfgmgr32.dll
0x00007ff864bc0000 - 0x00007ff864bd1000 	C:\WINDOWS\System32\kernel.appcore.dll
0x00007ff855110000 - 0x00007ff855121000 	D:\Program Files (x86)\new Android Studio\jre\bin\verify.dll
0x00007ff863480000 - 0x00007ff863674000 	C:\WINDOWS\SYSTEM32\DBGHELP.DLL
0x00007ff8513e0000 - 0x00007ff85140a000 	C:\WINDOWS\SYSTEM32\dbgcore.DLL
0x00007ff8522c0000 - 0x00007ff8522e9000 	D:\Program Files (x86)\new Android Studio\jre\bin\java.dll
0x00007ff85f160000 - 0x00007ff85f16b000 	D:\Program Files (x86)\new Android Studio\jre\bin\jimage.dll
0x00007ff852340000 - 0x00007ff852358000 	D:\Program Files (x86)\new Android Studio\jre\bin\zip.dll

dbghelp: loaded successfully - version: 4.0.5 - missing functions: none
symbol engine: initialized successfully - sym options: 0x614 - pdb path: .;D:\Program Files (x86)\new Android Studio\jre\bin;C:\WINDOWS\SYSTEM32;C:\WINDOWS\WinSxS\amd64_microsoft.windows.common-controls_6595b64144ccf1df_6.0.18362.1440_none_9e7dbfb9e45e8e67;D:\Program Files (x86)\new Android Studio\jre\bin\server

VM Arguments:
java_command: org.jetbrains.git4idea.http.GitAskPassApp Username for 'https://github.com': 
java_class_path (initial): D:/Program Files (x86)/new Android Studio/plugins/git4idea/lib/git4idea-rt.jar;D:/Program Files (x86)/new Android Studio/lib/xmlrpc-2.0.1.jar;D:/Program Files (x86)/new Android Studio/lib/commons-codec-1.14.jar
Launcher Type: SUN_STANDARD

[Global flags]
     intx CICompilerCount                          = 4                                         {product} {ergonomic}
     uint ConcGCThreads                            = 2                                         {product} {ergonomic}
     uint G1ConcRefinementThreads                  = 8                                         {product} {ergonomic}
   size_t G1HeapRegionSize                         = 1048576                                   {product} {ergonomic}
    uintx GCDrainStackTargetSize                   = 64                                        {product} {ergonomic}
   size_t InitialHeapSize                          = 268435456                                 {product} {ergonomic}
   size_t MarkStackSize                            = 4194304                                   {product} {ergonomic}
   size_t MaxHeapSize                              = 4265607168                                {product} {ergonomic}
   size_t MinHeapDeltaBytes                        = 1048576                                   {product} {ergonomic}
    uintx NonNMethodCodeHeapSize                   = 5836300                                {pd product} {ergonomic}
    uintx NonProfiledCodeHeapSize                  = 122910970                              {pd product} {ergonomic}
    uintx ProfiledCodeHeapSize                     = 122910970                              {pd product} {ergonomic}
    uintx ReservedCodeCacheSize                    = 251658240                              {pd product} {ergonomic}
     bool SegmentedCodeCache                       = true                                      {product} {ergonomic}
     bool UseCompressedClassPointers               = true                                 {lp64_product} {ergonomic}
     bool UseCompressedOops                        = true                                 {lp64_product} {ergonomic}
     bool UseG1GC                                  = true                                      {product} {ergonomic}
     bool UseLargePagesIndividualAllocation        = false                                  {pd product} {ergonomic}

Logging:
Log output configuration:
 #0: stdout all=warning uptime,level,tags
 #1: stderr all=off uptime,level,tags

Environment Variables:
JAVA_HOME=D:\Program Files\javadk\jdk8
PATH=D:\Program Files\Git\mingw64\libexec\git-core;D:\Program Files\Git\mingw64\libexec\git-core;D:\Program Files\Git\mingw64\bin;D:\Program Files\Git\usr\bin;C:\Users\1\bin;C:\Program Files (x86)\Common Files\Oracle\Java\javapath;C:\Program Files\AdoptOpenJDK\jdk-8.0.242.08-hotspot\bin;D:\Embarcadero\Studio\21.0\bin;D:\Embarcadero\Studio\21.0\bin64;D:\Embarcadero\Studio\21\bin;D:\Embarcadero\Studio\21\bin64;D:\Embarcadero\Studio\bin;C:\Users\Public\Documents\Embarcadero\Studio\21.0\Bpl;D:\Embarcadero\Studio\bin64;C:\Users\Public\Documents\Embarcadero\Studio\21.0\Bpl\Win64;D:\Embarcadero\Studio\20.0\bin;C:\Users\Public\Documents\Embarcadero\Studio\20.0\Bpl;D:\Embarcadero\Studio\20.0\bin64;C:\Users\Public\Documents\Embarcadero\Studio\20.0\Bpl\Win64;C:\Windows\system32;C:\Windows;C:\Windows\System32\Wbem;C:\Windows\System32\WindowsPowerShell\v1.0;C:\Windows\System32\OpenSSH;C:\Program Files (x86)\Intel\Intel(R) Management Engine Components\DAL;C:\Program Files\Intel\Intel(R) Management Engine Components\DAL;C:\Program Files\Intel\WiFi\bin;C:\Program Files\Common Files\Intel\WirelessCommon;C:\Program Files (x86)\NVIDIA Corporation\PhysX\Common;C:\Program Files\NVIDIA Corporation\NVIDIA NvDLISR;D:\Git\cmd;C:\WINDOWS\system32;C:\WINDOWS;C:\WINDOWS\System32\Wbem;C:\WINDOWS\System32\WindowsPowerShell\v1.0;C:\WINDOWS\System32\OpenSSH;C:\Program Files\Microsoft SQL Server\Client SDK\ODBC\170\Tools\Binn;C:\Program Files (x86)\Microsoft SQL Server\150\Tools\Binn;C:\Program Files\Microsoft SQL Server\150\Tools\Binn;C:\Program Files\Microsoft SQL Server\150\DTS\Binn;C:\Shortcuts;D:\Program Files\pascal 322\bin\i386-Win32;C:\Users\1\AppData\Local\Programs\Python\Python37-32\Scripts;C:\Users\1\AppData\Local\Programs\Python\Python37-32;D:\python\Scripts;D:\python;C:\Users\1\AppData\Local\Microsoft\WindowsApps;C:\Users\1\AppData\Local\GitHubDesktop\bin;C:\Users\1\AppData\Local\Microsoft\WindowsApps;C:\MinGW\bin;D:\Microsoft VS Code\bin;D:\Notepad++;D:\sqlite\sqlite-tools-win32-x86-3320
USERNAME=1
DISPLAY=:0.0
LC_ALL=en_US.UTF-8
OS=Windows_NT
PROCESSOR_IDENTIFIER=Intel64 Family 6 Model 142 Stepping 10, GenuineIntel



---------------  S Y S T E M  ---------------

OS: Windows 10 , 64 bit Build 18362 (10.0.18362.1350)
OS uptime: 39 days 9:23 hours

CPU:total 8 (initial active 8) (4 cores per cpu, 2 threads per core) family 6 model 142 stepping 10, cmov, cx8, fxsr, mmx, sse, sse2, sse3, ssse3, sse4.1, sse4.2, popcnt, avx, avx2, aes, clmul, erms, 3dnowpref, lzcnt, ht, tsc, tscinvbit, bmi1, bmi2, adx, fma

Memory: 4k page, system-wide physical 16267M (3650M free)
TotalPageFile size 24459M (AvailPageFile size 4M)
current process WorkingSet (physical memory assigned to process): 14M, peak: 14M
current process commit charge ("private bytes"): 324M, peak: 324M

vm_info: OpenJDK 64-Bit Server VM (11.0.8+10-b944.6842174) for windows-amd64 JRE (11.0.8+10-b944.6842174), built on Sep 19 2020 01:11:42 by "builder" with MS VC++ 14.0 (VS2015)

END.
