#
# A fatal error has been detected by the Java Runtime Environment:
#
#  EXCEPTION_UNCAUGHT_CXX_EXCEPTION (0xe06d7363) at pc=0x00007ff8659e3b29, pid=59244, tid=1720
#
# JRE version:  (11.0.8+10) (build )
# Java VM: OpenJDK 64-Bit Server VM (11.0.8+10-b944.6842174, mixed mode, tiered, compressed oops, g1 gc, windows-amd64)
# Problematic frame:
# C  [KERNELBASE.dll+0x43b29]
#
# No core dump will be written. Minidumps are not enabled by default on client versions of Windows
#
#

---------------  S U M M A R Y ------------

Command Line: org.jetbrains.git4idea.http.GitAskPassApp Username for 'https://github.com': 

Host: Intel(R) Core(TM) i5-8250U CPU @ 1.60GHz, 8 cores, 15G,  Windows 10 , 64 bit Build 18362 (10.0.18362.1350)
Time: Mon Aug 30 05:00:01 2021  elapsed time: 0 seconds (0d 0h 0m 0s)

---------------  T H R E A D  ---------------

Current thread (0x0000019548465800):  JavaThread "Unknown thread" [_thread_in_vm, id=1720, stack(0x0000005090e00000,0x0000005090f00000)]

Stack: [0x0000005090e00000,0x0000005090f00000],  sp=0x0000005090efebc0,  free space=1018k
Native frames: (J=compiled Java code, j=interpreted, Vv=VM code, C=native code)
C  [KERNELBASE.dll+0x43b29]
C  [VCRUNTIME140.dll+0x4462]
C  [jimage.dll+0x388f]


siginfo: EXCEPTION_UNCAUGHT_CXX_EXCEPTION (0xe06d7363), ExceptionInformation=0x0000000019930520 0x0000005090efed40 0x00007ff85f164fc0 0x00007ff85f160000 


Registers:
RAX=0x0000000000000000, RBX=0x0000000000005bdb, RCX=0x0000000000000000, RDX=0x0000000000000000
RSP=0x0000005090efebc0, RBP=0x0000005090efed00, RSI=0x00007ff85f164fc0, RDI=0x0000019548b9808e
R8 =0x0000000000000000, R9 =0x0000000000000000, R10=0x0000000000000007, R11=0x0000019548465800
R12=0x0000000000005bdb, R13=0x00000195484552e0, R14=0x0000005090efed40, R15=0x0000019548466c00
RIP=0x00007ff8659e3b29, EFLAGS=0x0000000000000206

Top of Stack: (sp=0x0000005090efebc0)
0x0000005090efebc0:   0000000000000000 0000000000005bdb
0x0000005090efebd0:   00007ff85f164fc0 00007ff807e350ed
0x0000005090efebe0:   00000001e06d7363 0000000000000000
0x0000005090efebf0:   00007ff8659e3b29 0000000000000004
0x0000005090efec00:   0000000019930520 0000005090efed40
0x0000005090efec10:   00007ff85f164fc0 00007ff85f160000
0x0000005090efec20:   00000195484552e0 0000000000005bdb
0x0000005090efec30:   00007ff85f164fc0 0000005090efed00
0x0000005090efec40:   0000005090efed20 00007ff867d1f41f
0x0000005090efec50:   0000019548b9808e 0000005000000000
0x0000005090efec60:   0000000000000003 0000000000000030
0x0000005090efec70:   00007ff85f167000 00007ff85f160000
0x0000005090efec80:   000061abb1538945 00007ff867d53c70
0x0000005090efec90:   0000000000005bdb 00007ff83b9a4462
0x0000005090efeca0:   0000000000000011 00007ff8659cb1cb
0x0000005090efecb0:   00000195463f02ac 00007ff867d53c70 

Instructions: (pc=0x00007ff8659e3b29)
0x00007ff8659e3a29:   fe ff ff 4c 8d 05 85 d9 1f 00 33 d2 8d 4a 02 e8
0x00007ff8659e3a39:   83 2f 01 00 48 8b f8 48 89 44 24 58 e9 ef fd ff
0x00007ff8659e3a49:   ff 45 33 c0 49 8b d7 48 83 c9 ff e8 77 64 02 00
0x00007ff8659e3a59:   e9 09 ff ff ff 48 8b 0d e3 9c 22 00 e8 06 f2 ff
0x00007ff8659e3a69:   ff 48 8b cf e8 4e a2 fe ff e9 f9 fe ff ff 49 8b
0x00007ff8659e3a79:   ce e8 41 a2 fe ff e9 f5 fe ff ff 48 8b ce e8 34
0x00007ff8659e3a89:   a2 fe ff e9 f1 fe ff ff cc cc cc cc cc cc cc cc
0x00007ff8659e3a99:   cc cc cc cc cc cc cc 65 48 8b 04 25 30 00 00 00
0x00007ff8659e3aa9:   8b 40 68 c3 cc cc cc cc cc cc cc cc cc cc cc cc
0x00007ff8659e3ab9:   cc cc cc cc cc cc cc 48 81 ec d8 00 00 00 48 8b
0x00007ff8659e3ac9:   05 62 73 22 00 48 33 c4 48 89 84 24 c0 00 00 00
0x00007ff8659e3ad9:   48 83 64 24 28 00 48 8d 05 da ff ff ff 83 e2 01
0x00007ff8659e3ae9:   89 4c 24 20 89 54 24 24 48 89 44 24 30 4d 85 c9
0x00007ff8659e3af9:   74 4b b8 0f 00 00 00 48 8d 4c 24 40 44 3b c0 49
0x00007ff8659e3b09:   8b d1 44 0f 47 c0 44 89 44 24 38 49 c1 e0 03 e8
0x00007ff8659e3b19:   4a d3 04 00 48 8d 4c 24 20 48 ff 15 ff 44 16 00
0x00007ff8659e3b29:   0f 1f 44 00 00 48 8b 8c 24 c0 00 00 00 48 33 cc
0x00007ff8659e3b39:   e8 a2 5e 04 00 48 81 c4 d8 00 00 00 c3 83 64 24
0x00007ff8659e3b49:   38 00 eb d0 cc cc cc cc cc cc cc 48 89 5c 24 08
0x00007ff8659e3b59:   48 89 74 24 10 57 48 83 ec 20 8b da 48 8b f9 e8
0x00007ff8659e3b69:   f3 d6 ff ff 33 f6 85 c0 0f 84 29 31 06 00 85 db
0x00007ff8659e3b79:   0f 84 21 31 06 00 44 8d 4e 02 ba 09 10 00 20 4c
0x00007ff8659e3b89:   8d 44 24 40 48 8b cf e8 7b b5 ff ff 85 c0 0f 84
0x00007ff8659e3b99:   03 31 06 00 39 5c 24 40 0f 85 f9 30 06 00 0f b7
0x00007ff8659e3ba9:   c3 48 8b 5c 24 30 48 8b 74 24 38 48 83 c4 20 5f
0x00007ff8659e3bb9:   c3 cc cc cc cc cc cc 48 89 5c 24 08 48 89 74 24
0x00007ff8659e3bc9:   10 57 48 83 ec 40 48 8b c2 48 8b f1 48 8b c8 33
0x00007ff8659e3bd9:   d2 49 8b d9 41 8b f8 e8 5b 6c ff ff 48 8b d0 48
0x00007ff8659e3be9:   85 db 0f 85 e3 30 06 00 48 8b 44 24 78 44 8b c7
0x00007ff8659e3bf9:   44 8b 4c 24 70 48 8b ce 48 89 44 24 38 8d 43 01
0x00007ff8659e3c09:   89 44 24 30 89 44 24 28 89 44 24 20 e8 16 00 00
0x00007ff8659e3c19:   00 48 8b 5c 24 50 48 8b 74 24 58 48 83 c4 40 5f 



---------------  P R O C E S S  ---------------

Threads class SMR info:
_java_thread_list=0x0000019546246650, length=0, elements={
}

Java Threads: ( => current thread )

Other Threads:
  0x000001954631c000 GCTaskThread "GC Thread#0" [stack: 0x0000005090f00000,0x0000005091000000] [id=60044]
  0x000001954631e800 ConcurrentGCThread "G1 Main Marker" [stack: 0x0000005091000000,0x0000005091100000] [id=42956]
  0x00000195484d5800 ConcurrentGCThread "G1 Conc#0" [stack: 0x0000005091100000,0x0000005091200000] [id=35708]
  0x000001956727e000 ConcurrentGCThread "G1 Refine#0" [stack: 0x0000005091200000,0x0000005091300000] [id=48920]
  0x0000019567280000 ConcurrentGCThread "G1 Young RemSet Sampling" [stack: 0x0000005091300000,0x0000005091400000] [id=58432]

=>0x0000019548465800 (exited) JavaThread "Unknown thread" [_thread_in_vm, id=1720, stack(0x0000005090e00000,0x0000005090f00000)]

Threads with active compile tasks:

VM state:not at safepoint (not fully initialized)

VM Mutex/Monitor currently owned by a thread: None

Heap address: 0x0000000701c00000, size: 4068 MB, Compressed Oops mode: Zero based, Oop shift amount: 3
Narrow klass base: 0x0000000800000000, Narrow klass shift: 0
Compressed class space size: 1073741824 Address: 0x0000000800000000

GC Heap History (0 events):
No events

Deoptimization events (0 events):
No events

Classes redefined (0 events):
No events

Internal exceptions (0 events):
No events

Events (20 events):
Event: 0.041 loading class jdk/internal/reflect/ConstantPool done
Event: 0.041 loading class jdk/internal/reflect/UnsafeStaticFieldAccessorImpl
Event: 0.041 loading class jdk/internal/reflect/UnsafeFieldAccessorImpl
Event: 0.041 loading class jdk/internal/reflect/FieldAccessorImpl
Event: 0.041 loading class jdk/internal/reflect/FieldAccessor
Event: 0.041 loading class jdk/internal/reflect/FieldAccessor done
Event: 0.041 loading class jdk/internal/reflect/FieldAccessorImpl done
Event: 0.041 loading class jdk/internal/reflect/UnsafeFieldAccessorImpl done
Event: 0.041 loading class jdk/internal/reflect/UnsafeStaticFieldAccessorImpl done
Event: 0.041 loading class jdk/internal/reflect/CallerSensitive
Event: 0.041 loading class java/lang/annotation/Annotation
Event: 0.041 loading class java/lang/annotation/Annotation done
Event: 0.041 loading class jdk/internal/reflect/CallerSensitive done
Event: 0.041 loading class java/lang/invoke/DirectMethodHandle
Event: 0.042 loading class java/lang/invoke/MethodHandle
Event: 0.042 loading class java/lang/invoke/MethodHandle done
Event: 0.042 loading class java/lang/invoke/DirectMethodHandle done
Event: 0.042 loading class java/lang/invoke/VarHandle
Event: 0.042 loading class java/lang/invoke/VarHandle done
Event: 0.042 loading class java/lang/invoke/MemberName


Dynamic libraries:
0x00007ff7ca490000 - 0x00007ff7ca49a000 	D:\Program Files (x86)\new Android Studio\jre\bin\java.exe
0x00007ff867d00000 - 0x00007ff867ef0000 	C:\WINDOWS\SYSTEM32\ntdll.dll
0x00007ff866710000 - 0x00007ff8667c2000 	C:\WINDOWS\System32\KERNEL32.DLL
0x00007ff8659a0000 - 0x00007ff865c45000 	C:\WINDOWS\System32\KERNELBASE.dll
0x00007ff865580000 - 0x00007ff86567a000 	C:\WINDOWS\System32\ucrtbase.dll
0x00007ff83b9a0000 - 0x00007ff83b9b7000 	D:\Program Files (x86)\new Android Studio\jre\bin\VCRUNTIME140.dll
0x00007ff85d480000 - 0x00007ff85d499000 	D:\Program Files (x86)\new Android Studio\jre\bin\jli.dll
0x00007ff865db0000 - 0x00007ff865f44000 	C:\WINDOWS\System32\USER32.dll
0x00007ff856580000 - 0x00007ff856804000 	C:\WINDOWS\WinSxS\amd64_microsoft.windows.common-controls_6595b64144ccf1df_6.0.18362.1440_none_9e7dbfb9e45e8e67\COMCTL32.dll
0x00007ff865970000 - 0x00007ff865991000 	C:\WINDOWS\System32\win32u.dll
0x00007ff867a70000 - 0x00007ff867b0e000 	C:\WINDOWS\System32\msvcrt.dll
0x00007ff866160000 - 0x00007ff866496000 	C:\WINDOWS\System32\combase.dll
0x00007ff8671a0000 - 0x00007ff8671c6000 	C:\WINDOWS\System32\GDI32.dll
0x00007ff8657d0000 - 0x00007ff865968000 	C:\WINDOWS\System32\gdi32full.dll
0x00007ff8671d0000 - 0x00007ff8672ef000 	C:\WINDOWS\System32\RPCRT4.dll
0x00007ff8656e0000 - 0x00007ff86577e000 	C:\WINDOWS\System32\msvcp_win.dll
0x00007ff865c50000 - 0x00007ff865cd1000 	C:\WINDOWS\System32\bcryptPrimitives.dll
0x00007ff8669a0000 - 0x00007ff8669ce000 	C:\WINDOWS\System32\IMM32.DLL
0x00007ff833f60000 - 0x00007ff833ffd000 	D:\Program Files (x86)\new Android Studio\jre\bin\msvcp140.dll
0x00007ff807970000 - 0x00007ff80842c000 	D:\Program Files (x86)\new Android Studio\jre\bin\server\jvm.dll
0x00007ff8664b0000 - 0x00007ff866553000 	C:\WINDOWS\System32\ADVAPI32.dll
0x00007ff867350000 - 0x00007ff8673e7000 	C:\WINDOWS\System32\sechost.dll
0x00007ff8673f0000 - 0x00007ff8673f8000 	C:\WINDOWS\System32\PSAPI.DLL
0x00007ff861470000 - 0x00007ff861494000 	C:\WINDOWS\SYSTEM32\WINMM.dll
0x00007ff855d80000 - 0x00007ff855d89000 	C:\WINDOWS\SYSTEM32\WSOCK32.dll
0x00007ff867a00000 - 0x00007ff867a6f000 	C:\WINDOWS\System32\WS2_32.dll
0x00007ff85d4e0000 - 0x00007ff85d4ea000 	C:\WINDOWS\SYSTEM32\VERSION.dll
0x00007ff861440000 - 0x00007ff86146d000 	C:\WINDOWS\SYSTEM32\winmmbase.dll
0x00007ff865780000 - 0x00007ff8657ca000 	C:\WINDOWS\System32\cfgmgr32.dll
0x00007ff864bc0000 - 0x00007ff864bd1000 	C:\WINDOWS\System32\kernel.appcore.dll
0x00007ff855110000 - 0x00007ff855121000 	D:\Program Files (x86)\new Android Studio\jre\bin\verify.dll
0x00007ff863480000 - 0x00007ff863674000 	C:\WINDOWS\SYSTEM32\DBGHELP.DLL
0x00007ff8513e0000 - 0x00007ff85140a000 	C:\WINDOWS\SYSTEM32\dbgcore.DLL
0x00007ff8522c0000 - 0x00007ff8522e9000 	D:\Program Files (x86)\new Android Studio\jre\bin\java.dll
0x00007ff85f160000 - 0x00007ff85f16b000 	D:\Program Files (x86)\new Android Studio\jre\bin\jimage.dll
0x00007ff852340000 - 0x00007ff852358000 	D:\Program Files (x86)\new Android Studio\jre\bin\zip.dll

dbghelp: loaded successfully - version: 4.0.5 - missing functions: none
symbol engine: initialized successfully - sym options: 0x614 - pdb path: .;D:\Program Files (x86)\new Android Studio\jre\bin;C:\WINDOWS\SYSTEM32;C:\WINDOWS\WinSxS\amd64_microsoft.windows.common-controls_6595b64144ccf1df_6.0.18362.1440_none_9e7dbfb9e45e8e67;D:\Program Files (x86)\new Android Studio\jre\bin\server

VM Arguments:
java_command: org.jetbrains.git4idea.http.GitAskPassApp Username for 'https://github.com': 
java_class_path (initial): D:/Program Files (x86)/new Android Studio/plugins/git4idea/lib/git4idea-rt.jar;D:/Program Files (x86)/new Android Studio/lib/xmlrpc-2.0.1.jar;D:/Program Files (x86)/new Android Studio/lib/commons-codec-1.14.jar
Launcher Type: SUN_STANDARD

[Global flags]
     intx CICompilerCount                          = 4                                         {product} {ergonomic}
     uint ConcGCThreads                            = 2                                         {product} {ergonomic}
     uint G1ConcRefinementThreads                  = 8                                         {product} {ergonomic}
   size_t G1HeapRegionSize                         = 1048576                                   {product} {ergonomic}
    uintx GCDrainStackTargetSize                   = 64                                        {product} {ergonomic}
   size_t InitialHeapSize                          = 268435456                                 {product} {ergonomic}
   size_t MarkStackSize                            = 4194304                                   {product} {ergonomic}
   size_t MaxHeapSize                              = 4265607168                                {product} {ergonomic}
   size_t MaxNewSize                               = 2558525440                                {product} {ergonomic}
   size_t MinHeapDeltaBytes                        = 1048576                                   {product} {ergonomic}
    uintx NonNMethodCodeHeapSize                   = 5836300                                {pd product} {ergonomic}
    uintx NonProfiledCodeHeapSize                  = 122910970                              {pd product} {ergonomic}
    uintx ProfiledCodeHeapSize                     = 122910970                              {pd product} {ergonomic}
    uintx ReservedCodeCacheSize                    = 251658240                              {pd product} {ergonomic}
     bool SegmentedCodeCache                       = true                                      {product} {ergonomic}
     bool UseCompressedClassPointers               = true                                 {lp64_product} {ergonomic}
     bool UseCompressedOops                        = true                                 {lp64_product} {ergonomic}
     bool UseG1GC                                  = true                                      {product} {ergonomic}
     bool UseLargePagesIndividualAllocation        = false                                  {pd product} {ergonomic}

Logging:
Log output configuration:
 #0: stdout all=warning uptime,level,tags
 #1: stderr all=off uptime,level,tags

Environment Variables:
JAVA_HOME=D:\Program Files\javadk\jdk8
PATH=D:\Program Files\Git\mingw64\libexec\git-core;D:\Program Files\Git\mingw64\libexec\git-core;D:\Program Files\Git\mingw64\bin;D:\Program Files\Git\usr\bin;C:\Users\1\bin;C:\Program Files (x86)\Common Files\Oracle\Java\javapath;C:\Program Files\AdoptOpenJDK\jdk-8.0.242.08-hotspot\bin;D:\Embarcadero\Studio\21.0\bin;D:\Embarcadero\Studio\21.0\bin64;D:\Embarcadero\Studio\21\bin;D:\Embarcadero\Studio\21\bin64;D:\Embarcadero\Studio\bin;C:\Users\Public\Documents\Embarcadero\Studio\21.0\Bpl;D:\Embarcadero\Studio\bin64;C:\Users\Public\Documents\Embarcadero\Studio\21.0\Bpl\Win64;D:\Embarcadero\Studio\20.0\bin;C:\Users\Public\Documents\Embarcadero\Studio\20.0\Bpl;D:\Embarcadero\Studio\20.0\bin64;C:\Users\Public\Documents\Embarcadero\Studio\20.0\Bpl\Win64;C:\Windows\system32;C:\Windows;C:\Windows\System32\Wbem;C:\Windows\System32\WindowsPowerShell\v1.0;C:\Windows\System32\OpenSSH;C:\Program Files (x86)\Intel\Intel(R) Management Engine Components\DAL;C:\Program Files\Intel\Intel(R) Management Engine Components\DAL;C:\Program Files\Intel\WiFi\bin;C:\Program Files\Common Files\Intel\WirelessCommon;C:\Program Files (x86)\NVIDIA Corporation\PhysX\Common;C:\Program Files\NVIDIA Corporation\NVIDIA NvDLISR;D:\Git\cmd;C:\WINDOWS\system32;C:\WINDOWS;C:\WINDOWS\System32\Wbem;C:\WINDOWS\System32\WindowsPowerShell\v1.0;C:\WINDOWS\System32\OpenSSH;C:\Program Files\Microsoft SQL Server\Client SDK\ODBC\170\Tools\Binn;C:\Program Files (x86)\Microsoft SQL Server\150\Tools\Binn;C:\Program Files\Microsoft SQL Server\150\Tools\Binn;C:\Program Files\Microsoft SQL Server\150\DTS\Binn;C:\Shortcuts;D:\Program Files\pascal 322\bin\i386-Win32;C:\Users\1\AppData\Local\Programs\Python\Python37-32\Scripts;C:\Users\1\AppData\Local\Programs\Python\Python37-32;D:\python\Scripts;D:\python;C:\Users\1\AppData\Local\Microsoft\WindowsApps;C:\Users\1\AppData\Local\GitHubDesktop\bin;C:\Users\1\AppData\Local\Microsoft\WindowsApps;C:\MinGW\bin;D:\Microsoft VS Code\bin;D:\Notepad++;D:\sqlite\sqlite-tools-win32-x86-3320
USERNAME=1
DISPLAY=:0.0
LC_ALL=en_US.UTF-8
OS=Windows_NT
PROCESSOR_IDENTIFIER=Intel64 Family 6 Model 142 Stepping 10, GenuineIntel



---------------  S Y S T E M  ---------------

OS: Windows 10 , 64 bit Build 18362 (10.0.18362.1350)
OS uptime: 39 days 10:03 hours

CPU:total 8 (initial active 8) (4 cores per cpu, 2 threads per core) family 6 model 142 stepping 10, cmov, cx8, fxsr, mmx, sse, sse2, sse3, ssse3, sse4.1, sse4.2, popcnt, avx, avx2, aes, clmul, erms, 3dnowpref, lzcnt, ht, tsc, tscinvbit, bmi1, bmi2, adx, fma

Memory: 4k page, system-wide physical 16267M (4596M free)
TotalPageFile size 24459M (AvailPageFile size 3M)
current process WorkingSet (physical memory assigned to process): 24M, peak: 24M
current process commit charge ("private bytes"): 330M, peak: 333M

vm_info: OpenJDK 64-Bit Server VM (11.0.8+10-b944.6842174) for windows-amd64 JRE (11.0.8+10-b944.6842174), built on Sep 19 2020 01:11:42 by "builder" with MS VC++ 14.0 (VS2015)

END.
